<?xml version="1.0" encoding="UTF-8"?>
<testsuite name="com.omar.calendar.CalendarApplicationTests" tests="2" skipped="0" failures="0" errors="0" timestamp="2018-09-25T19:26:24" hostname="Admins-MacBook-Pro-2.local" time="0.495">
  <properties/>
  <testcase name="testReadUser" classname="com.omar.calendar.CalendarApplicationTests" time="0.492"/>
  <testcase name="contextLoads" classname="com.omar.calendar.CalendarApplicationTests" time="0.002"/>
  <system-out><![CDATA[15:26:18,553 |-INFO in ch.qos.logback.classic.LoggerContext[default] - Could NOT find resource [logback-test.xml]
15:26:18,553 |-INFO in ch.qos.logback.classic.LoggerContext[default] - Could NOT find resource [logback.groovy]
15:26:18,553 |-INFO in ch.qos.logback.classic.LoggerContext[default] - Found resource [logback.xml] at [file:/Users/omarg/dev/repo/private/omar/calendar-api/build/resources/main/logback.xml]
15:26:18,629 |-INFO in ch.qos.logback.classic.joran.action.ConfigurationAction - debug attribute not set
15:26:18,629 |-INFO in ch.qos.logback.core.joran.action.AppenderAction - About to instantiate appender of type [ch.qos.logback.core.ConsoleAppender]
15:26:18,636 |-INFO in ch.qos.logback.core.joran.action.AppenderAction - Naming appender as [STDOUT]
15:26:18,679 |-WARN in ch.qos.logback.core.ConsoleAppender[STDOUT] - This appender no longer admits a layout as a sub-component, set an encoder instead.
15:26:18,679 |-WARN in ch.qos.logback.core.ConsoleAppender[STDOUT] - To ensure compatibility, wrapping your layout in LayoutWrappingEncoder.
15:26:18,679 |-WARN in ch.qos.logback.core.ConsoleAppender[STDOUT] - See also http://logback.qos.ch/codes.html#layoutInsteadOfEncoder for details
15:26:18,680 |-INFO in ch.qos.logback.classic.joran.action.LoggerAction - Setting level of logger [com.omar] to DEBUG
15:26:18,680 |-INFO in ch.qos.logback.classic.joran.action.LoggerAction - Setting additivity of logger [com.omar] to false
15:26:18,680 |-INFO in ch.qos.logback.core.joran.action.AppenderRefAction - Attaching appender named [STDOUT] to Logger[com.omar]
15:26:18,681 |-INFO in ch.qos.logback.classic.joran.action.RootLoggerAction - Setting level of ROOT logger to ERROR
15:26:18,681 |-INFO in ch.qos.logback.core.joran.action.AppenderRefAction - Attaching appender named [STDOUT] to Logger[ROOT]
15:26:18,681 |-INFO in ch.qos.logback.classic.joran.action.ConfigurationAction - End of configuration.
15:26:18,681 |-INFO in ch.qos.logback.classic.joran.JoranConfigurator@53cfdc95 - Registering current configuration as safe fallback point


  .   ____          _            __ _ _
 /\\ / ___'_ __ _ _(_)_ __  __ _ \ \ \ \
( ( )\___ | '_ | '_| | '_ \/ _` | \ \ \ \
 \\/  ___)| |_)| | | | | || (_| |  ) ) ) )
  '  |____| .__|_| |_|_| |_\__, | / / / /
 =========|_|==============|___/=/_/_/_/
 :: Spring Boot ::        (v2.0.5.RELEASE)

2018-09-25 15:26:19 [Test worker] INFO  c.o.c.CalendarApplicationTests - Starting CalendarApplicationTests on Admins-MacBook-Pro-2.local with PID 21698 (started by omarg in /Users/omarg/dev/repo/private/omar/calendar-api)
2018-09-25 15:26:19 [Test worker] DEBUG c.o.c.CalendarApplicationTests - Running with Spring Boot v2.0.5.RELEASE, Spring v5.0.9.RELEASE
2018-09-25 15:26:19 [Test worker] INFO  c.o.c.CalendarApplicationTests - No active profile set, falling back to default profiles: default
2018-09-25 15:26:24 [Test worker] INFO  c.o.c.CalendarApplicationTests - Started CalendarApplicationTests in 5.046 seconds (JVM running for 6.061)
2018-09-25 15:26:24 [http-nio-auto-1-exec-1] DEBUG c.o.calendar.endpoint.UserController - Reading User with email: omar@gmail.com
]]></system-out>
  <system-err><![CDATA[]]></system-err>
</testsuite>
